[07:55:37] [ServerMain/INFO]: [bootstrap] Running Java 25 (OpenJDK 64-Bit Server VM 25.0.2+10-LTS; Eclipse Adoptium Temurin-25.0.2+10) on Linux 6.6.87.2-microsoft-standard-WSL2 (amd64)
[07:55:37] [ServerMain/INFO]: [bootstrap] Loading Paper 1.21.11-130-ver/1.21.11@c5a2736 (2026-04-11T11:14:19Z) for Minecraft 1.21.11
[07:55:38] [ServerMain/INFO]: [PluginInitializerManager] Initializing plugins...
[07:55:39] [ServerMain/INFO]: [PluginInitializerManager] Initialized 0 plugins
[07:55:51] [ServerMain/ERROR]: You have used the Spigot command line EULA agreement flag.
[07:55:51] [ServerMain/ERROR]: By using this setting you are indicating your agreement to Mojang's EULA (https://aka.ms/MinecraftEULA).
[07:55:51] [ServerMain/ERROR]: If you do not agree to the above EULA please stop your server and remove this flag immediately.
[07:55:51] [ServerMain/INFO]: Environment: Environment[sessionHost=https://sessionserver.mojang.com, servicesHost=https://api.minecraftservices.com, profilesHost=https://api.mojang.com, name=PROD]
[07:56:05] [ServerMain/INFO]: Loaded 1470 recipes
[07:56:05] [ServerMain/INFO]: Loaded 1584 advancements
[07:56:06] [ServerMain/INFO]: [ca.spottedleaf.dataconverter.minecraft.datatypes.MCTypeRegistry] Initialising converters for DataConverter...
[07:56:07] [ServerMain/INFO]: [ca.spottedleaf.dataconverter.minecraft.datatypes.MCTypeRegistry] Finished initialising converters for DataConverter in 1,040.4ms
[07:56:07] [Server thread/INFO]: Starting minecraft server version 1.21.11
[07:56:07] [Server thread/INFO]: Loading properties
[07:56:07] [Server thread/INFO]: This server is running Paper version 1.21.11-130-ver/1.21.11@c5a2736 (2026-04-11T11:14:19Z) (Implementing API version 1.21.11-R0.1-SNAPSHOT)
[07:56:07] [Server thread/INFO]: [spark] This server bundles the spark profiler. For more information please visit https://docs.papermc.io/paper/profiling
[07:56:08] [Server thread/INFO]: Using 4 threads for Netty based IO
[07:56:08] [Server thread/INFO]: Server Ping Player Sample Count: 12
[07:56:10] [Server thread/INFO]: [MoonriseCommon] Paper is using 3 worker threads, 1 I/O threads
[07:56:11] [Server thread/INFO]: Default game type: SURVIVAL
[07:56:11] [Server thread/INFO]: Generating keypair
[07:56:11] [Server thread/INFO]: Starting Minecraft server on *:25565
[07:56:11] [Server thread/INFO]: Paper: Using libdeflate (Linux x86_64) compression from Velocity.
[07:56:11] [Server thread/INFO]: Paper: Using OpenSSL 3.x.x (Linux x86_64) cipher from Velocity.
[07:56:12] [Server thread/INFO]: Server permissions file permissions.yml is empty, ignoring it
[07:56:12] [Server thread/INFO]: Preparing level "world"
[07:56:13] [Server thread/INFO]: Loading 0 persistent chunks for world 'minecraft:overworld'...
[07:56:13] [Server thread/INFO]: Preparing spawn area: 100%
[07:56:13] [Server thread/INFO]: Prepared spawn area in 4 ms
[07:56:13] [Server thread/INFO]: Loading 0 persistent chunks for world 'minecraft:the_nether'...
[07:56:13] [Server thread/INFO]: Preparing spawn area: 100%
[07:56:13] [Server thread/INFO]: Prepared spawn area in 2 ms
[07:56:13] [Server thread/INFO]: Loading 0 persistent chunks for world 'minecraft:the_end'...
[07:56:13] [Server thread/INFO]: Prepared spawn area in 0 ms
[07:56:13] [Server thread/INFO]: Done preparing level "world" (1.495s)
[07:56:14] [Server thread/INFO]: [spark] Starting background profiler...
[07:56:15] [Server thread/INFO]: Starting remote control listener
[07:56:15] [Server thread/INFO]: Thread RCON Listener started
[07:56:15] [Server thread/INFO]: RCON running on 0.0.0.0:25575
[07:56:15] [Server thread/INFO]: Running delayed init tasks
[07:56:15] [Server thread/INFO]: Done (41.763s)! For help, type "help"
[08:03:06] [Server thread/INFO]: Stopping server
[08:03:06] [Server thread/INFO]: Saving players
[08:03:06] [Server thread/INFO]: Saving worlds
[08:03:06] [Server thread/INFO]: Saving chunks for level 'ServerLevel[world]'/minecraft:overworld
[08:03:06] [Server thread/INFO]: [ChunkHolderManager] Waiting 60s for chunk system to halt for world 'world'
[08:03:06] [Server thread/INFO]: [ChunkHolderManager] Halted chunk system for world 'world'
[08:03:06] [Server thread/INFO]: [ChunkHolderManager] Saving all chunkholders for world 'world'
[08:03:06] [Server thread/INFO]: [ChunkHolderManager] Saved 0 block chunks, 0 entity chunks, 0 poi chunks in world 'world' in 0.06s
[08:03:06] [Server thread/INFO]: [ChunkHolderManager] Waiting 60s for chunk I/O to halt for world 'world'
[08:03:06] [Server thread/INFO]: [ChunkHolderManager] Halted I/O scheduler for world 'world'
[08:03:06] [Server thread/INFO]: Saving chunks for level 'ServerLevel[world_nether]'/minecraft:the_nether
[08:03:06] [Server thread/INFO]: [ChunkHolderManager] Waiting 60s for chunk system to halt for world 'world_nether'
[08:03:06] [Server thread/INFO]: [ChunkHolderManager] Halted chunk system for world 'world_nether'
[08:03:06] [Server thread/INFO]: [ChunkHolderManager] Saving all chunkholders for world 'world_nether'
[08:03:06] [Server thread/INFO]: [ChunkHolderManager] Saved 0 block chunks, 0 entity chunks, 0 poi chunks in world 'world_nether' in 0.00s
[08:03:06] [Server thread/INFO]: [ChunkHolderManager] Waiting 60s for chunk I/O to halt for world 'world_nether'
[08:03:06] [Server thread/INFO]: [ChunkHolderManager] Halted I/O scheduler for world 'world_nether'
[08:03:06] [Server thread/INFO]: Saving chunks for level 'ServerLevel[world_the_end]'/minecraft:the_end
[08:03:06] [Server thread/INFO]: [ChunkHolderManager] Waiting 60s for chunk system to halt for world 'world_the_end'
[08:03:06] [Server thread/INFO]: [ChunkHolderManager] Halted chunk system for world 'world_the_end'
[08:03:06] [Server thread/INFO]: [ChunkHolderManager] Saving all chunkholders for world 'world_the_end'
[08:03:06] [Server thread/INFO]: [ChunkHolderManager] Saved 0 block chunks, 0 entity chunks, 0 poi chunks in world 'world_the_end' in 0.00s
[08:03:06] [Server thread/INFO]: [ChunkHolderManager] Waiting 60s for chunk I/O to halt for world 'world_the_end'
[08:03:06] [Server thread/INFO]: [ChunkHolderManager] Halted I/O scheduler for world 'world_the_end'
